<?xml version="1.0" encoding="UTF-8"?>
<!-- Generated by org.testng.reporters.JUnitReportReporter -->
<testsuite hostname="DESKTOP-ESGC72A" name="com.qa.hs.tests.LoginTest" tests="1" failures="0" timestamp="15 Oct 2020 14:57:19 GMT" time="11.726" errors="0">
  <testcase name="loginTest" time="11.726" classname="com.qa.hs.tests.LoginTest"/>
</testsuite> <!-- com.qa.hs.tests.LoginTest -->
