<?xml version="1.0" encoding="UTF-8"?>
<!-- Generated by org.testng.reporters.JUnitReportReporter -->
<testsuite hostname="DESKTOP-ESGC72A" name="mockInterview1.TestNG1" tests="2" failures="0" timestamp="29 Sep 2020 16:30:16 GMT" time="0.024" errors="0">
  <testcase name="a2" time="0.006" classname="mockInterview1.TestNG1"/>
  <testcase name="a1" time="0.018" classname="mockInterview1.TestNG1"/>
</testsuite> <!-- mockInterview1.TestNG1 -->
